# JRE version: OpenJDK Runtime Environment (11.0.13+8) (build 11.0.13+8-Ubuntu-0ubuntu1.18.04)
# Java VM: OpenJDK 64-Bit Server VM (11.0.13+8-Ubuntu-0ubuntu1.18.04, mixed mode, sharing, tiered, compressed oops, g1 gc, linux-amd64)
Heap:
 garbage-first heap   total 1160192K, used 415714K [0x0000000080000000, 0x0000000100000000)
  region size 1024K, 3 young (3072K), 3 survivors (3072K)
 Metaspace       used 127024K, capacity 136301K, committed 136576K, reserved 1167360K
  class space    used 16158K, capacity 19066K, committed 19072K, reserved 1048576K
GC Heap History (20 events):
Event: 1102.604 GC heap after
{Heap after GC invocations=416 (full 0):
 garbage-first heap   total 534528K, used 418199K [0x0000000080000000, 0x0000000100000000)
  region size 1024K, 3 young (3072K), 3 survivors (3072K)
 Metaspace       used 123805K, capacity 133092K, committed 133504K, reserved 1163264K
  class space    used 15747K, capacity 18617K, committed 18816K, reserved 1048576K
}
Event: 1138.824 GC heap before
{Heap before GC invocations=416 (full 0):
 garbage-first heap   total 534528K, used 440727K [0x0000000080000000, 0x0000000100000000)
  region size 1024K, 26 young (26624K), 3 survivors (3072K)
 Metaspace       used 124036K, capacity 133348K, committed 133504K, reserved 1163264K
  class space    used 15780K, capacity 18665K, committed 18816K, reserved 1048576K
}
Event: 1138.850 GC heap after
{Heap after GC invocations=417 (full 0):
 garbage-first heap   total 534528K, used 398968K [0x0000000080000000, 0x0000000100000000)
  region size 1024K, 4 young (4096K), 4 survivors (4096K)
 Metaspace       used 124036K, capacity 133348K, committed 133504K, reserved 1163264K
  class space    used 15780K, capacity 18665K, committed 18816K, reserved 1048576K
}
Event: 1182.639 GC heap before
{Heap before GC invocations=417 (full 0):
 garbage-first heap   total 534528K, used 416376K [0x0000000080000000, 0x0000000100000000)
  region size 1024K, 23 young (23552K), 4 survivors (4096K)
 Metaspace       used 124059K, capacity 133354K, committed 133504K, reserved 1163264K
  class space    used 15782K, capacity 18666K, committed 18816K, reserved 1048576K
}
Event: 1182.924 GC heap after
{Heap after GC invocations=418 (full 0):
 garbage-first heap   total 534528K, used 401827K [0x0000000080000000, 0x0000000100000000)
  region size 1024K, 7 young (7168K), 7 survivors (7168K)
 Metaspace       used 124059K, capacity 133354K, committed 133504K, reserved 1163264K
  class space    used 15782K, capacity 18666K, committed 18816K, reserved 1048576K
}
Event: 1203.785 GC heap before
{Heap before GC invocations=419 (full 0):
 garbage-first heap   total 534528K, used 448931K [0x0000000080000000, 0x0000000100000000)
  region size 1024K, 56 young (57344K), 7 survivors (7168K)
 Metaspace       used 124074K, capacity 133361K, committed 133760K, reserved 1165312K
  class space    used 15782K, capacity 18667K, committed 18816K, reserved 1048576K
}
Event: 1204.335 GC heap after
{Heap after GC invocations=420 (full 0):
 garbage-first heap   total 534528K, used 399762K [0x0000000080000000, 0x0000000100000000)
  region size 1024K, 2 young (2048K), 2 survivors (2048K)
 Metaspace       used 124074K, capacity 133361K, committed 133760K, reserved 1165312K
  class space    used 15782K, capacity 18667K, committed 18816K, reserved 1048576K
}
Event: 1227.406 GC heap before
{Heap before GC invocations=420 (full 0):
 garbage-first heap   total 534528K, used 423314K [0x0000000080000000, 0x0000000100000000)
  region size 1024K, 26 young (26624K), 2 survivors (2048K)
 Metaspace       used 125428K, capacity 134645K, committed 134912K, reserved 1165312K
  class space    used 15942K, capacity 18838K, committed 18944K, reserved 1048576K
}
Event: 1227.778 GC heap after
{Heap after GC invocations=421 (full 0):
 garbage-first heap   total 534528K, used 397441K [0x0000000080000000, 0x0000000100000000)
  region size 1024K, 3 young (3072K), 3 survivors (3072K)
 Metaspace       used 125428K, capacity 134645K, committed 134912K, reserved 1165312K
  class space    used 15942K, capacity 18838K, committed 18944K, reserved 1048576K
}
Event: 1234.433 GC heap before
{Heap before GC invocations=421 (full 0):
 garbage-first heap   total 534528K, used 419969K [0x0000000080000000, 0x0000000100000000)
  region size 1024K, 26 young (26624K), 3 survivors (3072K)
 Metaspace       used 125978K, capacity 135183K, committed 135424K, reserved 1165312K
  class space    used 16006K, capacity 18910K, committed 18944K, reserved 1048576K
}
Event: 1234.470 GC heap after
{Heap after GC invocations=422 (full 0):
 garbage-first heap   total 534528K, used 400972K [0x0000000080000000, 0x0000000100000000)
  region size 1024K, 4 young (4096K), 4 survivors (4096K)
 Metaspace       used 125978K, capacity 135183K, committed 135424K, reserved 1165312K
  class space    used 16006K, capacity 18910K, committed 18944K, reserved 1048576K
}
Event: 1430.241 GC heap before
{Heap before GC invocations=423 (full 0):
 garbage-first heap   total 534528K, used 422476K [0x0000000080000000, 0x0000000100000000)
  region size 1024K, 26 young (26624K), 4 survivors (4096K)
 Metaspace       used 126794K, capacity 136059K, committed 136320K, reserved 1167360K
  class space    used 16133K, capacity 19056K, committed 19072K, reserved 1048576K
}
Event: 1464.952 GC heap after
{Heap after GC invocations=424 (full 0):
 garbage-first heap   total 534528K, used 402116K [0x0000000080000000, 0x0000000100000000)
  region size 1024K, 1 young (1024K), 1 survivors (1024K)
 Metaspace       used 126794K, capacity 136059K, committed 136320K, reserved 1167360K
  class space    used 16133K, capacity 19056K, committed 19072K, reserved 1048576K
}
Event: 1630.614 GC heap before
{Heap before GC invocations=424 (full 0):
 garbage-first heap   total 534528K, used 429764K [0x0000000080000000, 0x0000000100000000)
  region size 1024K, 26 young (26624K), 1 survivors (1024K)
 Metaspace       used 126880K, capacity 136143K, committed 136320K, reserved 1167360K
  class space    used 16142K, capacity 19059K, committed 19072K, reserved 1048576K
}
Event: 1641.439 GC heap after
{Heap after GC invocations=425 (full 0):
 garbage-first heap   total 534528K, used 406216K [0x0000000080000000, 0x0000000100000000)
  region size 1024K, 4 young (4096K), 4 survivors (4096K)
 Metaspace       used 126880K, capacity 136143K, committed 136320K, reserved 1167360K
  class space    used 16142K, capacity 19059K, committed 19072K, reserved 1048576K
}
Event: 1697.615 GC heap before
{Heap before GC invocations=425 (full 0):
 garbage-first heap   total 534528K, used 427720K [0x0000000080000000, 0x0000000100000000)
  region size 1024K, 26 young (26624K), 4 survivors (4096K)
 Metaspace       used 126881K, capacity 136143K, committed 136320K, reserved 1167360K
  class space    used 16142K, capacity 19059K, committed 19072K, reserved 1048576K
}
Event: 1698.449 GC heap after
{Heap after GC invocations=426 (full 0):
 garbage-first heap   total 534528K, used 408539K [0x0000000080000000, 0x0000000100000000)
  region size 1024K, 3 young (3072K), 3 survivors (3072K)
 Metaspace       used 126881K, capacity 136143K, committed 136320K, reserved 1167360K
  class space    used 16142K, capacity 19059K, committed 19072K, reserved 1048576K
}
Event: 1772.046 GC heap before
{Heap before GC invocations=426 (full 0):
 garbage-first heap   total 534528K, used 433115K [0x0000000080000000, 0x0000000100000000)
  region size 1024K, 26 young (26624K), 3 survivors (3072K)
 Metaspace       used 126894K, capacity 136143K, committed 136320K, reserved 1167360K
  class space    used 16142K, capacity 19059K, committed 19072K, reserved 1048576K
}
Event: 1778.926 GC heap after
{Heap after GC invocations=427 (full 0):
 garbage-first heap   total 534528K, used 414839K [0x0000000080000000, 0x0000000100000000)
  region size 1024K, 4 young (4096K), 4 survivors (4096K)
 Metaspace       used 126894K, capacity 136143K, committed 136320K, reserved 1167360K
  class space    used 16142K, capacity 19059K, committed 19072K, reserved 1048576K
}
Event: 1899.645 GC heap before
{Heap before GC invocations=427 (full 0):
 garbage-first heap   total 534528K, used 446583K [0x0000000080000000, 0x0000000100000000)
  region size 1024K, 26 young (26624K), 4 survivors (4096K)
 Metaspace       used 127024K, capacity 136301K, committed 136576K, reserved 1167360K
  class space    used 16158K, capacity 19066K, committed 19072K, reserved 1048576K
}

